"2021-03-12 16:57:10  [main] INFO  c.e.demo.YoutubeLearningApplication  Starting YoutubeLearningApplication using Java 11.0.2 on Kamals-MacBook-Pro.local with PID 24485 (/Users/display/Documents/TCS_Training/MEAN stack training/my-Git-repos /SpringBoot-AOP-Logging/target/classes started by display in /Users/display/Documents/TCS_Training/MEAN stack training/my-Git-repos /SpringBoot-AOP-Logging)
""2021-03-12 16:57:10  [main] DEBUG c.e.demo.YoutubeLearningApplication  Running with Spring Boot v2.4.3, Spring v5.3.4
""2021-03-12 16:57:10  [main] INFO  c.e.demo.YoutubeLearningApplication  No active profile set, falling back to default profiles: default
""2021-03-12 16:57:11  [main] INFO  o.s.d.r.c.RepositoryConfigurationDelegate  Bootstrapping Spring Data JPA repositories in DEFAULT mode.
""2021-03-12 16:57:11  [main] INFO  o.s.d.r.c.RepositoryConfigurationDelegate  Finished Spring Data repository scanning in 38 ms. Found 1 JPA repository interfaces.
""2021-03-12 16:57:12  [main] INFO  o.a.catalina.core.StandardService  Starting service [Tomcat]
""2021-03-12 16:57:12  [main] INFO  o.a.catalina.core.StandardEngine  Starting Servlet engine: [Apache Tomcat/9.0.43]
""2021-03-12 16:57:12  [main] INFO  o.a.c.c.C.[Tomcat].[localhost].[/]  Initializing Spring embedded WebApplicationContext
""2021-03-12 16:57:12  [main] INFO  com.zaxxer.hikari.HikariDataSource  HikariPool-1 - Starting...
""2021-03-12 16:57:12  [main] INFO  com.zaxxer.hikari.HikariDataSource  HikariPool-1 - Start completed.
""2021-03-12 16:57:12  [main] INFO  o.h.jpa.internal.util.LogHelper  HHH000204: Processing PersistenceUnitInfo [name: default]
""2021-03-12 16:57:12  [main] INFO  org.hibernate.Version  HHH000412: Hibernate ORM core version 5.4.28.Final
""2021-03-12 16:57:12  [main] INFO  o.h.annotations.common.Version  HCANN000001: Hibernate Commons Annotations {5.1.2.Final}
""2021-03-12 16:57:13  [main] INFO  org.hibernate.dialect.Dialect  HHH000400: Using dialect: org.hibernate.dialect.H2Dialect
""2021-03-12 16:57:13  [main] INFO  o.h.e.t.j.p.i.JtaPlatformInitiator  HHH000490: Using JtaPlatform implementation: [org.hibernate.engine.transaction.jta.platform.internal.NoJtaPlatform]
""2021-03-12 16:57:13  [main] INFO  o.s.o.j.LocalContainerEntityManagerFactoryBean  Initialized JPA EntityManagerFactory for persistence unit 'default'
""2021-03-12 16:57:14  [main] WARN  o.s.b.a.o.j.JpaBaseConfiguration$JpaWebConfiguration  spring.jpa.open-in-view is enabled by default. Therefore, database queries may be performed during view rendering. Explicitly configure spring.jpa.open-in-view to disable this warning
""2021-03-12 16:57:14  [main] INFO  o.s.s.c.ThreadPoolTaskExecutor  Initializing ExecutorService 'applicationTaskExecutor'
""2021-03-12 16:57:15  [main] INFO  c.e.demo.YoutubeLearningApplication  Started YoutubeLearningApplication in 5.08 seconds (JVM running for 5.468)
""2021-03-12 16:57:51  [SpringContextShutdownHook] INFO  o.s.s.c.ThreadPoolTaskExecutor  Shutting down ExecutorService 'applicationTaskExecutor'
""2021-03-12 16:57:51  [SpringContextShutdownHook] INFO  o.s.o.j.LocalContainerEntityManagerFactoryBean  Closing JPA EntityManagerFactory for persistence unit 'default'
""2021-03-12 16:57:51  [SpringContextShutdownHook] INFO  o.h.t.s.i.SchemaDropperImpl$DelayedDropActionImpl  HHH000477: Starting delayed evictData of schema as part of SessionFactory shut-down'
""2021-03-12 16:57:51  [SpringContextShutdownHook] INFO  com.zaxxer.hikari.HikariDataSource  HikariPool-1 - Shutdown initiated...
""2021-03-12 16:57:51  [SpringContextShutdownHook] INFO  com.zaxxer.hikari.HikariDataSource  HikariPool-1 - Shutdown completed.
""2021-03-12 16:58:02  [main] INFO  c.e.demo.YoutubeLearningApplication  Starting YoutubeLearningApplication using Java 11.0.2 on Kamals-MacBook-Pro.local with PID 24495 (/Users/display/Documents/TCS_Training/MEAN stack training/my-Git-repos /SpringBoot-AOP-Logging/target/classes started by display in /Users/display/Documents/TCS_Training/MEAN stack training/my-Git-repos /SpringBoot-AOP-Logging)
""2021-03-12 16:58:02  [main] DEBUG c.e.demo.YoutubeLearningApplication  Running with Spring Boot v2.4.3, Spring v5.3.4
""2021-03-12 16:58:02  [main] INFO  c.e.demo.YoutubeLearningApplication  No active profile set, falling back to default profiles: default
""2021-03-12 16:58:03  [main] INFO  o.s.d.r.c.RepositoryConfigurationDelegate  Bootstrapping Spring Data JPA repositories in DEFAULT mode.
""2021-03-12 16:58:03  [main] INFO  o.s.d.r.c.RepositoryConfigurationDelegate  Finished Spring Data repository scanning in 44 ms. Found 1 JPA repository interfaces.
""2021-03-12 16:58:04  [main] INFO  o.a.catalina.core.StandardService  Starting service [Tomcat]
""2021-03-12 16:58:04  [main] INFO  o.a.catalina.core.StandardEngine  Starting Servlet engine: [Apache Tomcat/9.0.43]
""2021-03-12 16:58:04  [main] INFO  o.a.c.c.C.[Tomcat].[localhost].[/]  Initializing Spring embedded WebApplicationContext
""2021-03-12 16:58:04  [main] INFO  com.zaxxer.hikari.HikariDataSource  HikariPool-1 - Starting...
""2021-03-12 16:58:04  [main] INFO  com.zaxxer.hikari.HikariDataSource  HikariPool-1 - Start completed.
""2021-03-12 16:58:04  [main] INFO  o.h.jpa.internal.util.LogHelper  HHH000204: Processing PersistenceUnitInfo [name: default]
""2021-03-12 16:58:04  [main] INFO  org.hibernate.Version  HHH000412: Hibernate ORM core version 5.4.28.Final
""2021-03-12 16:58:04  [main] INFO  o.h.annotations.common.Version  HCANN000001: Hibernate Commons Annotations {5.1.2.Final}
""2021-03-12 16:58:04  [main] INFO  org.hibernate.dialect.Dialect  HHH000400: Using dialect: org.hibernate.dialect.H2Dialect
""2021-03-12 16:58:05  [main] INFO  o.h.e.t.j.p.i.JtaPlatformInitiator  HHH000490: Using JtaPlatform implementation: [org.hibernate.engine.transaction.jta.platform.internal.NoJtaPlatform]
""2021-03-12 16:58:05  [main] INFO  o.s.o.j.LocalContainerEntityManagerFactoryBean  Initialized JPA EntityManagerFactory for persistence unit 'default'
""2021-03-12 16:58:06  [main] WARN  o.s.b.a.o.j.JpaBaseConfiguration$JpaWebConfiguration  spring.jpa.open-in-view is enabled by default. Therefore, database queries may be performed during view rendering. Explicitly configure spring.jpa.open-in-view to disable this warning
""2021-03-12 16:58:06  [main] INFO  o.s.s.c.ThreadPoolTaskExecutor  Initializing ExecutorService 'applicationTaskExecutor'
""2021-03-12 16:58:06  [main] INFO  c.e.demo.YoutubeLearningApplication  Started YoutubeLearningApplication in 4.648 seconds (JVM running for 5.113)
""2021-03-12 16:58:20  [SpringContextShutdownHook] INFO  o.s.s.c.ThreadPoolTaskExecutor  Shutting down ExecutorService 'applicationTaskExecutor'
""2021-03-12 16:58:20  [SpringContextShutdownHook] INFO  o.s.o.j.LocalContainerEntityManagerFactoryBean  Closing JPA EntityManagerFactory for persistence unit 'default'
""2021-03-12 16:58:20  [SpringContextShutdownHook] INFO  o.h.t.s.i.SchemaDropperImpl$DelayedDropActionImpl  HHH000477: Starting delayed evictData of schema as part of SessionFactory shut-down'
""2021-03-12 16:58:20  [SpringContextShutdownHook] INFO  com.zaxxer.hikari.HikariDataSource  HikariPool-1 - Shutdown initiated...
""2021-03-12 16:58:20  [SpringContextShutdownHook] INFO  com.zaxxer.hikari.HikariDataSource  HikariPool-1 - Shutdown completed.
""2021-03-12 16:58:45  [main] INFO  c.e.demo.YoutubeLearningApplication - Starting YoutubeLearningApplication using Java 11.0.2 on Kamals-MacBook-Pro.local with PID 24500 (/Users/display/Documents/TCS_Training/MEAN stack training/my-Git-repos /SpringBoot-AOP-Logging/target/classes started by display in /Users/display/Documents/TCS_Training/MEAN stack training/my-Git-repos /SpringBoot-AOP-Logging)
""2021-03-12 16:58:45  [main] DEBUG c.e.demo.YoutubeLearningApplication - Running with Spring Boot v2.4.3, Spring v5.3.4
""2021-03-12 16:58:45  [main] INFO  c.e.demo.YoutubeLearningApplication - No active profile set, falling back to default profiles: default
""2021-03-12 16:58:46  [main] INFO  o.s.d.r.c.RepositoryConfigurationDelegate - Bootstrapping Spring Data JPA repositories in DEFAULT mode.
""2021-03-12 16:58:46  [main] INFO  o.s.d.r.c.RepositoryConfigurationDelegate - Finished Spring Data repository scanning in 37 ms. Found 1 JPA repository interfaces.
""2021-03-12 16:58:47  [main] INFO  o.a.catalina.core.StandardService - Starting service [Tomcat]
""2021-03-12 16:58:47  [main] INFO  o.a.catalina.core.StandardEngine - Starting Servlet engine: [Apache Tomcat/9.0.43]
""2021-03-12 16:58:47  [main] INFO  o.a.c.c.C.[Tomcat].[localhost].[/] - Initializing Spring embedded WebApplicationContext
""2021-03-12 16:58:47  [main] INFO  com.zaxxer.hikari.HikariDataSource - HikariPool-1 - Starting...
""2021-03-12 16:58:47  [main] INFO  com.zaxxer.hikari.HikariDataSource - HikariPool-1 - Start completed.
""2021-03-12 16:58:47  [main] INFO  o.h.jpa.internal.util.LogHelper - HHH000204: Processing PersistenceUnitInfo [name: default]
""2021-03-12 16:58:47  [main] INFO  org.hibernate.Version - HHH000412: Hibernate ORM core version 5.4.28.Final
""2021-03-12 16:58:48  [main] INFO  o.h.annotations.common.Version - HCANN000001: Hibernate Commons Annotations {5.1.2.Final}
""2021-03-12 16:58:48  [main] INFO  org.hibernate.dialect.Dialect - HHH000400: Using dialect: org.hibernate.dialect.H2Dialect
""2021-03-12 16:58:48  [main] INFO  o.h.e.t.j.p.i.JtaPlatformInitiator - HHH000490: Using JtaPlatform implementation: [org.hibernate.engine.transaction.jta.platform.internal.NoJtaPlatform]
""2021-03-12 16:58:49  [main] INFO  o.s.o.j.LocalContainerEntityManagerFactoryBean - Initialized JPA EntityManagerFactory for persistence unit 'default'
""2021-03-12 16:58:49  [main] WARN  o.s.b.a.o.j.JpaBaseConfiguration$JpaWebConfiguration - spring.jpa.open-in-view is enabled by default. Therefore, database queries may be performed during view rendering. Explicitly configure spring.jpa.open-in-view to disable this warning
""2021-03-12 16:58:49  [main] INFO  o.s.s.c.ThreadPoolTaskExecutor - Initializing ExecutorService 'applicationTaskExecutor'
""2021-03-12 16:58:50  [main] INFO  c.e.demo.YoutubeLearningApplication - Started YoutubeLearningApplication in 5.008 seconds (JVM running for 5.482)
""2021-03-12 16:59:57  [http-nio-8080-exec-1] INFO  o.a.c.c.C.[Tomcat].[localhost].[/] - Initializing Spring DispatcherServlet 'dispatcherServlet'
""2021-03-12 16:59:57  [http-nio-8080-exec-1] INFO  o.s.web.servlet.DispatcherServlet - Initializing Servlet 'dispatcherServlet'
""2021-03-12 16:59:57  [http-nio-8080-exec-1] INFO  o.s.web.servlet.DispatcherServlet - Completed initialization in 3 ms
""2021-03-12 16:59:58  [http-nio-8080-exec-1] INFO  c.e.d.a.AspectConfig - method invoked createEmployee() from com.example.demo.controller.EmployeesController
""2021-03-12 16:59:58  [http-nio-8080-exec-1] INFO  c.e.d.a.AspectConfig - method arguments:  [{"id":0,"name":"JohnCena","location":"Lousiana"}]
""2021-03-12 16:59:58  [http-nio-8080-exec-1] INFO  c.e.d.a.AspectConfig - createEmployee() from com.example.demo.controller.EmployeesController
""2021-03-12 16:59:58  [http-nio-8080-exec-1] INFO  c.e.d.a.AspectConfig - Response: null
""2021-03-12 17:00:21  [http-nio-8080-exec-3] INFO  c.e.d.a.AspectConfig - method invoked createEmployee() from com.example.demo.controller.EmployeesController
""2021-03-12 17:00:21  [http-nio-8080-exec-3] INFO  c.e.d.a.AspectConfig - method arguments:  [{"id":0,"name":"Roman","location":"Texas"}]
""2021-03-12 17:00:21  [http-nio-8080-exec-3] INFO  c.e.d.a.AspectConfig - createEmployee() from com.example.demo.controller.EmployeesController
""2021-03-12 17:00:21  [http-nio-8080-exec-3] INFO  c.e.d.a.AspectConfig - Response: null
""2021-03-12 17:00:39  [http-nio-8080-exec-4] INFO  c.e.d.a.AspectConfig - method invoked getAllEmployees() from com.example.demo.controller.EmployeesController
""2021-03-12 17:00:39  [http-nio-8080-exec-4] INFO  c.e.d.a.AspectConfig - method arguments:  []
""2021-03-12 17:00:39  [http-nio-8080-exec-4] INFO  c.e.d.a.AspectConfig - getAllEmployees() from com.example.demo.controller.EmployeesController
""2021-03-12 17:00:39  [http-nio-8080-exec-4] INFO  c.e.d.a.AspectConfig - Response: [{"id":1,"name":"JohnCena","location":"Lousiana"},{"id":2,"name":"Roman","location":"Texas"}]
""2021-03-12 17:00:59  [http-nio-8080-exec-5] INFO  c.e.d.a.AspectConfig - method invoked getByName() from com.example.demo.controller.EmployeesController
""2021-03-12 17:00:59  [http-nio-8080-exec-5] INFO  c.e.d.a.AspectConfig - method arguments:  ["TripleH"]
""2021-03-12 17:00:59  [http-nio-8080-exec-5] ERROR c.e.d.a.AspectConfig - Exception thrown in com.example.demo.controller.EmployeesController.getByName  with cause = NULL,  with message = Employee TripleH not exist in repository 
""2021-03-12 17:01:07  [http-nio-8080-exec-6] INFO  c.e.d.a.AspectConfig - method invoked deleteEmployee() from com.example.demo.controller.EmployeesController
""2021-03-12 17:01:07  [http-nio-8080-exec-6] INFO  c.e.d.a.AspectConfig - method arguments:  ["TripleH"]
""2021-03-12 17:01:07  [http-nio-8080-exec-6] ERROR c.e.d.a.AspectConfig - Exception thrown in com.example.demo.controller.EmployeesController.deleteEmployee  with cause = NULL,  with message = Employee TripleH not exist in repository 
""2021-03-12 17:01:45  [http-nio-8080-exec-7] INFO  c.e.d.a.AspectConfig - method invoked updateEmployee() from com.example.demo.controller.EmployeesController
""2021-03-12 17:01:45  [http-nio-8080-exec-7] INFO  c.e.d.a.AspectConfig - method arguments:  ["TripleH",{"id":0,"name":"Batista","location":"Florida"}]
""2021-03-12 17:01:45  [http-nio-8080-exec-7] ERROR c.e.d.a.AspectConfig - Exception thrown in com.example.demo.controller.EmployeesController.updateEmployee  with cause = NULL,  with message = Employee TripleH not exist in repository 
""2021-03-12 17:01:55  [http-nio-8080-exec-8] INFO  c.e.d.a.AspectConfig - method invoked getAllEmployees() from com.example.demo.controller.EmployeesController
""2021-03-12 17:01:55  [http-nio-8080-exec-8] INFO  c.e.d.a.AspectConfig - method arguments:  []
""2021-03-12 17:01:55  [http-nio-8080-exec-8] INFO  c.e.d.a.AspectConfig - getAllEmployees() from com.example.demo.controller.EmployeesController
""2021-03-12 17:01:55  [http-nio-8080-exec-8] INFO  c.e.d.a.AspectConfig - Response: [{"id":1,"name":"JohnCena","location":"Lousiana"},{"id":2,"name":"Roman","location":"Texas"}]
""2021-03-12 17:02:05  [http-nio-8080-exec-9] INFO  c.e.d.a.AspectConfig - method invoked deleteEmployee() from com.example.demo.controller.EmployeesController
""2021-03-12 17:02:05  [http-nio-8080-exec-9] INFO  c.e.d.a.AspectConfig - method arguments:  ["Roman"]
""2021-03-12 17:02:05  [http-nio-8080-exec-9] INFO  c.e.d.a.AspectConfig - deleteEmployee() from com.example.demo.controller.EmployeesController
""2021-03-12 17:02:05  [http-nio-8080-exec-9] INFO  c.e.d.a.AspectConfig - Response: null
""2021-03-12 17:03:55  [SpringContextShutdownHook] INFO  o.s.s.c.ThreadPoolTaskExecutor - Shutting down ExecutorService 'applicationTaskExecutor'
""2021-03-12 17:03:55  [SpringContextShutdownHook] INFO  o.s.o.j.LocalContainerEntityManagerFactoryBean - Closing JPA EntityManagerFactory for persistence unit 'default'
""2021-03-12 17:03:55  [SpringContextShutdownHook] INFO  o.h.t.s.i.SchemaDropperImpl$DelayedDropActionImpl - HHH000477: Starting delayed evictData of schema as part of SessionFactory shut-down'
""2021-03-12 17:03:55  [SpringContextShutdownHook] INFO  com.zaxxer.hikari.HikariDataSource - HikariPool-1 - Shutdown initiated...
""2021-03-12 17:03:55  [SpringContextShutdownHook] INFO  com.zaxxer.hikari.HikariDataSource - HikariPool-1 - Shutdown completed.
"